<?xml version="1.0" encoding="UTF-8"?>
<!-- Generated by org.testng.reporters.JUnitXMLReporter -->
<testsuite ignored="0" hostname="MacBook-Pro" failures="0" tests="7" name="validGet" time="2.102" errors="0" timestamp="2024-01-19T13:07:32 SGT">
  <testcase classname="Lab8_Practice.validGet" name="TC01_StatusCodeChecked" time="0.007"/>
  <testcase classname="Lab8_Practice.validGet" name="TC02_idChecked" time="0.002"/>
  <testcase classname="Lab8_Practice.validGet" name="TC03_emailChecked" time="0.001"/>
  <testcase classname="Lab8_Practice.validGet" name="TC04_firstnameChecked" time="0.002"/>
  <testcase classname="Lab8_Practice.validGet" name="TC05_lastnameChecked" time="0.002"/>
  <testcase classname="Lab8_Practice.validGet" name="TC06_avatarChecked" time="0.001"/>
  <testcase classname="Lab8_Practice.validGet" name="TC07_verifyOnMatchingId" time="0.397"/>
</testsuite> <!-- validGet -->
