<?xml version="1.0" encoding="UTF-8"?>
<!-- Generated by org.testng.reporters.JUnitXMLReporter -->
<testsuite ignored="0" hostname="MacBook-Pro" failures="0" tests="5" name="TC_API_Login" time="2.199" errors="0" timestamp="2023-08-19T11:55:22 SGT">
  <testcase classname="com.api.auto.testcase.TC_API_Login" name="TC01_validateStatusCode" time="0.01"/>
  <testcase classname="com.api.auto.testcase.TC_API_Login" name="TC02_validateMessage" time="0.41"/>
  <testcase classname="com.api.auto.testcase.TC_API_Login" name="TC03_validateToken" time="0.032"/>
  <testcase classname="com.api.auto.testcase.TC_API_Login" name="TC04_validateUserType" time="0.017"/>
  <testcase classname="com.api.auto.testcase.TC_API_Login" name="TC05_validateUserAccount" time="0.027"/>
</testsuite> <!-- TC_API_Login -->
