<?xml version="1.0" encoding="UTF-8"?>
<!-- Generated by org.testng.reporters.JUnitXMLReporter -->
<testsuite ignored="0" hostname="MacBook-Pro" failures="0" tests="7" name="validPost" time="2.378" errors="0" timestamp="2023-08-17T17:00:27 SGT">
  <testcase classname="lab8_Example.Test_validPost" name="TC01_StatusCodeChecked" time="0.008"/>
  <testcase classname="lab8_Example.Test_validPost" name="TC02_idChecked" time="0.002"/>
  <testcase classname="lab8_Example.Test_validPost" name="TC03_createdAtChecked" time="0.001"/>
  <testcase classname="lab8_Example.Test_validPost" name="TC04_verifyOnMatchingName" time="0.301"/>
  <testcase classname="lab8_Example.Test_validPost" name="TC05_verifyOnMatchingGender" time="0.01"/>
  <testcase classname="lab8_Example.Test_validPost" name="TC06_verifyOnMatchingAge" time="0.011"/>
  <testcase classname="lab8_Example.Test_validPost" name="TC07_verifyOnMatchingJob" time="0.011"/>
</testsuite> <!-- validPost -->
