<?xml version="1.0" encoding="UTF-8"?>
<!-- Generated by org.testng.reporters.JUnitXMLReporter -->
<testsuite ignored="0" hostname="MacBook-Pro" failures="0" tests="7" name="validBody" time="2.532" errors="0" timestamp="2023-08-16T15:21:40 SGT">
  <testcase classname="Lab8.Lab8_Example.Test_validBody" name="TC01_StatusCodeChecked" time="0.008"/>
  <testcase classname="Lab8.Lab8_Example.Test_validBody" name="TC02_idChecked" time="0.001"/>
  <testcase classname="Lab8.Lab8_Example.Test_validBody" name="TC03_createdAtChecked" time="0.001"/>
  <testcase classname="Lab8.Lab8_Example.Test_validBody" name="TC04_verifyOnMatchingName" time="0.375"/>
  <testcase classname="Lab8.Lab8_Example.Test_validBody" name="TC05_verifyOnMatchingGender" time="0.008"/>
  <testcase classname="Lab8.Lab8_Example.Test_validBody" name="TC06_verifyOnMatchingAge" time="0.009"/>
  <testcase classname="Lab8.Lab8_Example.Test_validBody" name="TC07_verifyOnMatchingJob" time="0.011"/>
</testsuite> <!-- validBody -->
