<?xml version="1.0" encoding="UTF-8"?>
<!-- Generated by org.testng.reporters.JUnitXMLReporter -->
<testsuite ignored="0" hostname="MacBook-Pro" failures="0" tests="10" name="TC_API" time="2.952" errors="0" timestamp="2024-01-19T13:08:58 SGT">
  <testcase classname="com.api.auto.testcase.TC_API_Login" name="validateLoginStatusCode" time="0.008"/>
  <testcase classname="com.api.auto.testcase.TC_API_Login" name="validateMessage" time="0.314"/>
  <testcase classname="com.api.auto.testcase.TC_API_Login" name="validateToken" time="0.174"/>
  <testcase classname="com.api.auto.testcase.TC_API_Login" name="validateUserType" time="0.009"/>
  <testcase classname="com.api.auto.testcase.TC_API_Login" name="validateUserAccount" time="0.063"/>
  <testcase classname="com.api.auto.testcase.TC_API_CreateWork" name="validateCreateWorkStatusCode" time="0.001"/>
  <testcase classname="com.api.auto.testcase.TC_API_CreateWork" name="validateId" time="0.001"/>
  <testcase classname="com.api.auto.testcase.TC_API_CreateWork" name="validateNameOfWorkMatched" time="0.023"/>
  <testcase classname="com.api.auto.testcase.TC_API_CreateWork" name="validateExperienceMatched" time="0.021"/>
  <testcase classname="com.api.auto.testcase.TC_API_CreateWork" name="validateEducationMatched" time="0.026"/>
</testsuite> <!-- TC_API -->
