<?xml version="1.0" encoding="UTF-8"?>
<testng-results ignored="0" total="10" passed="10" failed="0" skipped="0">
  <reporter-output>
  </reporter-output>
  <suite started-at="2024-01-19T13:08:55 SGT" name="Suite" finished-at="2024-01-19T13:08:58 SGT" duration-ms="2952">
    <groups>
    </groups>
    <test started-at="2024-01-19T13:08:55 SGT" name="TC_API" finished-at="2024-01-19T13:08:58 SGT" duration-ms="2952">
      <class name="com.api.auto.testcase.TC_API_Login">
        <test-method is-config="true" signature="initMethod()[pri:0, instance:com.api.auto.testcase.TC_API_Login@10e41621]" started-at="2024-01-19T13:08:55 SGT" name="initMethod" finished-at="2024-01-19T13:08:57 SGT" duration-ms="2096" status="PASS">
          <reporter-output>
          </reporter-output>
        </test-method> <!-- initMethod -->
        <test-method signature="validateLoginStatusCode()[pri:0, instance:com.api.auto.testcase.TC_API_Login@10e41621]" started-at="2024-01-19T13:08:57 SGT" name="validateLoginStatusCode" finished-at="2024-01-19T13:08:57 SGT" duration-ms="8" status="PASS">
          <reporter-output>
          </reporter-output>
        </test-method> <!-- validateLoginStatusCode -->
        <test-method signature="validateMessage()[pri:1, instance:com.api.auto.testcase.TC_API_Login@10e41621]" started-at="2024-01-19T13:08:57 SGT" name="validateMessage" finished-at="2024-01-19T13:08:57 SGT" duration-ms="314" status="PASS">
          <reporter-output>
          </reporter-output>
        </test-method> <!-- validateMessage -->
        <test-method signature="validateToken()[pri:2, instance:com.api.auto.testcase.TC_API_Login@10e41621]" started-at="2024-01-19T13:08:57 SGT" name="validateToken" finished-at="2024-01-19T13:08:57 SGT" duration-ms="174" status="PASS">
          <reporter-output>
          </reporter-output>
        </test-method> <!-- validateToken -->
        <test-method signature="validateUserType()[pri:3, instance:com.api.auto.testcase.TC_API_Login@10e41621]" started-at="2024-01-19T13:08:57 SGT" name="validateUserType" finished-at="2024-01-19T13:08:57 SGT" duration-ms="9" status="PASS">
          <reporter-output>
          </reporter-output>
        </test-method> <!-- validateUserType -->
        <test-method signature="validateUserAccount()[pri:4, instance:com.api.auto.testcase.TC_API_Login@10e41621]" started-at="2024-01-19T13:08:57 SGT" name="validateUserAccount" finished-at="2024-01-19T13:08:57 SGT" duration-ms="63" status="PASS">
          <reporter-output>
          </reporter-output>
        </test-method> <!-- validateUserAccount -->
        <test-method is-config="true" signature="afterClass()[pri:0, instance:com.api.auto.testcase.TC_API_Login@10e41621]" started-at="2024-01-19T13:08:57 SGT" name="afterClass" finished-at="2024-01-19T13:08:57 SGT" duration-ms="1" status="PASS">
          <reporter-output>
          </reporter-output>
        </test-method> <!-- afterClass -->
      </class> <!-- com.api.auto.testcase.TC_API_Login -->
      <class name="com.api.auto.testcase.TC_API_CreateWork">
        <test-method is-config="true" signature="initMethod()[pri:0, instance:com.api.auto.testcase.TC_API_CreateWork@6580cfdd]" started-at="2024-01-19T13:08:57 SGT" name="initMethod" finished-at="2024-01-19T13:08:58 SGT" duration-ms="158" status="PASS">
          <reporter-output>
          </reporter-output>
        </test-method> <!-- initMethod -->
        <test-method signature="validateCreateWorkStatusCode()[pri:0, instance:com.api.auto.testcase.TC_API_CreateWork@6580cfdd]" started-at="2024-01-19T13:08:58 SGT" name="validateCreateWorkStatusCode" finished-at="2024-01-19T13:08:58 SGT" duration-ms="1" status="PASS">
          <reporter-output>
          </reporter-output>
        </test-method> <!-- validateCreateWorkStatusCode -->
        <test-method signature="validateId()[pri:1, instance:com.api.auto.testcase.TC_API_CreateWork@6580cfdd]" started-at="2024-01-19T13:08:58 SGT" name="validateId" finished-at="2024-01-19T13:08:58 SGT" duration-ms="1" status="PASS">
          <reporter-output>
          </reporter-output>
        </test-method> <!-- validateId -->
        <test-method signature="validateNameOfWorkMatched()[pri:2, instance:com.api.auto.testcase.TC_API_CreateWork@6580cfdd]" started-at="2024-01-19T13:08:58 SGT" name="validateNameOfWorkMatched" finished-at="2024-01-19T13:08:58 SGT" duration-ms="23" status="PASS">
          <reporter-output>
          </reporter-output>
        </test-method> <!-- validateNameOfWorkMatched -->
        <test-method signature="validateExperienceMatched()[pri:3, instance:com.api.auto.testcase.TC_API_CreateWork@6580cfdd]" started-at="2024-01-19T13:08:58 SGT" name="validateExperienceMatched" finished-at="2024-01-19T13:08:58 SGT" duration-ms="21" status="PASS">
          <reporter-output>
          </reporter-output>
        </test-method> <!-- validateExperienceMatched -->
        <test-method signature="validateEducationMatched()[pri:4, instance:com.api.auto.testcase.TC_API_CreateWork@6580cfdd]" started-at="2024-01-19T13:08:58 SGT" name="validateEducationMatched" finished-at="2024-01-19T13:08:58 SGT" duration-ms="26" status="PASS">
          <reporter-output>
          </reporter-output>
        </test-method> <!-- validateEducationMatched -->
        <test-method is-config="true" signature="afterClass()[pri:0, instance:com.api.auto.testcase.TC_API_CreateWork@6580cfdd]" started-at="2024-01-19T13:08:58 SGT" name="afterClass" finished-at="2024-01-19T13:08:58 SGT" duration-ms="0" status="PASS">
          <reporter-output>
          </reporter-output>
        </test-method> <!-- afterClass -->
      </class> <!-- com.api.auto.testcase.TC_API_CreateWork -->
    </test> <!-- TC_API -->
  </suite> <!-- Suite -->
</testng-results>
